C:\Users\Lucas\Source\Repos\May-Tricks-Authentication\Matricks\ClientApp\dist\out-tsc\e2e\app.po.js
C:\Users\Lucas\Source\Repos\May-Tricks-Authentication\Matricks\ClientApp\dist\out-tsc\e2e\app.po.js.map
C:\Users\Lucas\Source\Repos\May-Tricks-Authentication\Matricks\ClientApp\dist\out-tsc\e2e\app.e2e-spec.js
C:\Users\Lucas\Source\Repos\May-Tricks-Authentication\Matricks\ClientApp\dist\out-tsc\e2e\app.e2e-spec.js.map
C:\Users\Lucas\Source\Repos\May-Tricks-Authentication\Matricks\ClientApp\dist\out-tsc\src\app\service\data.service.js
C:\Users\Lucas\Source\Repos\May-Tricks-Authentication\Matricks\ClientApp\dist\out-tsc\src\app\service\data.service.js.map
C:\Users\Lucas\Source\Repos\May-Tricks-Authentication\Matricks\ClientApp\dist\out-tsc\src\app\demopofile\demopofile.component.js
C:\Users\Lucas\Source\Repos\May-Tricks-Authentication\Matricks\ClientApp\dist\out-tsc\src\app\demopofile\demopofile.component.js.map
C:\Users\Lucas\Source\Repos\May-Tricks-Authentication\Matricks\ClientApp\dist\out-tsc\src\app\register\register.component.js
C:\Users\Lucas\Source\Repos\May-Tricks-Authentication\Matricks\ClientApp\dist\out-tsc\src\app\register\register.component.js.map
C:\Users\Lucas\Source\Repos\May-Tricks-Authentication\Matricks\ClientApp\dist\out-tsc\src\app\viewprofile\viewprofile.component.js
C:\Users\Lucas\Source\Repos\May-Tricks-Authentication\Matricks\ClientApp\dist\out-tsc\src\app\viewprofile\viewprofile.component.js.map
C:\Users\Lucas\Source\Repos\May-Tricks-Authentication\Matricks\ClientApp\dist\out-tsc\src\app\messages\messages.component.js
C:\Users\Lucas\Source\Repos\May-Tricks-Authentication\Matricks\ClientApp\dist\out-tsc\src\app\messages\messages.component.js.map
C:\Users\Lucas\Source\Repos\May-Tricks-Authentication\Matricks\ClientApp\dist\out-tsc\src\app\following\following.component.js
C:\Users\Lucas\Source\Repos\May-Tricks-Authentication\Matricks\ClientApp\dist\out-tsc\src\app\following\following.component.js.map
C:\Users\Lucas\Source\Repos\May-Tricks-Authentication\Matricks\ClientApp\dist\out-tsc\src\app\app-routing.module.js
C:\Users\Lucas\Source\Repos\May-Tricks-Authentication\Matricks\ClientApp\dist\out-tsc\src\app\app-routing.module.js.map
C:\Users\Lucas\Source\Repos\May-Tricks-Authentication\Matricks\ClientApp\dist\out-tsc\src\app\app.component.js
C:\Users\Lucas\Source\Repos\May-Tricks-Authentication\Matricks\ClientApp\dist\out-tsc\src\app\app.component.js.map
C:\Users\Lucas\Source\Repos\May-Tricks-Authentication\Matricks\ClientApp\dist\out-tsc\src\app\models\users.js
C:\Users\Lucas\Source\Repos\May-Tricks-Authentication\Matricks\ClientApp\dist\out-tsc\src\app\models\users.js.map
C:\Users\Lucas\Source\Repos\May-Tricks-Authentication\Matricks\ClientApp\dist\out-tsc\src\app\models\authuser.js
C:\Users\Lucas\Source\Repos\May-Tricks-Authentication\Matricks\ClientApp\dist\out-tsc\src\app\models\authuser.js.map
C:\Users\Lucas\Source\Repos\May-Tricks-Authentication\Matricks\ClientApp\dist\out-tsc\src\environments\environment.js
C:\Users\Lucas\Source\Repos\May-Tricks-Authentication\Matricks\ClientApp\dist\out-tsc\src\environments\environment.js.map
C:\Users\Lucas\Source\Repos\May-Tricks-Authentication\Matricks\ClientApp\dist\out-tsc\src\app\service\auth.service.js
C:\Users\Lucas\Source\Repos\May-Tricks-Authentication\Matricks\ClientApp\dist\out-tsc\src\app\service\auth.service.js.map
C:\Users\Lucas\Source\Repos\May-Tricks-Authentication\Matricks\ClientApp\dist\out-tsc\src\app\nav\nav.component.js
C:\Users\Lucas\Source\Repos\May-Tricks-Authentication\Matricks\ClientApp\dist\out-tsc\src\app\nav\nav.component.js.map
C:\Users\Lucas\Source\Repos\May-Tricks-Authentication\Matricks\ClientApp\dist\out-tsc\src\app\folling\folling.component.js
C:\Users\Lucas\Source\Repos\May-Tricks-Authentication\Matricks\ClientApp\dist\out-tsc\src\app\folling\folling.component.js.map
C:\Users\Lucas\Source\Repos\May-Tricks-Authentication\Matricks\ClientApp\dist\out-tsc\src\app\app.module.js
C:\Users\Lucas\Source\Repos\May-Tricks-Authentication\Matricks\ClientApp\dist\out-tsc\src\app\app.module.js.map
C:\Users\Lucas\Source\Repos\May-Tricks-Authentication\Matricks\ClientApp\dist\out-tsc\src\main.js
C:\Users\Lucas\Source\Repos\May-Tricks-Authentication\Matricks\ClientApp\dist\out-tsc\src\main.js.map
C:\Users\Lucas\Source\Repos\May-Tricks-Authentication\Matricks\ClientApp\dist\out-tsc\src\polyfills.js
C:\Users\Lucas\Source\Repos\May-Tricks-Authentication\Matricks\ClientApp\dist\out-tsc\src\polyfills.js.map
C:\Users\Lucas\Source\Repos\May-Tricks-Authentication\Matricks\ClientApp\dist\out-tsc\src\test.js
C:\Users\Lucas\Source\Repos\May-Tricks-Authentication\Matricks\ClientApp\dist\out-tsc\src\test.js.map
C:\Users\Lucas\Source\Repos\May-Tricks-Authentication\Matricks\ClientApp\dist\out-tsc\src\app\app.component.spec.js
C:\Users\Lucas\Source\Repos\May-Tricks-Authentication\Matricks\ClientApp\dist\out-tsc\src\app\app.component.spec.js.map
C:\Users\Lucas\Source\Repos\May-Tricks-Authentication\Matricks\ClientApp\dist\out-tsc\src\environments\environment.prod.js
C:\Users\Lucas\Source\Repos\May-Tricks-Authentication\Matricks\ClientApp\dist\out-tsc\src\environments\environment.prod.js.map
C:\Users\Lucas\Source\Repos\May-Tricks-Authentication\Matricks\ClientApp\dist\out-tsc\src\app\service\auth.service.spec.js
C:\Users\Lucas\Source\Repos\May-Tricks-Authentication\Matricks\ClientApp\dist\out-tsc\src\app\service\auth.service.spec.js.map
C:\Users\Lucas\Source\Repos\May-Tricks-Authentication\Matricks\ClientApp\dist\out-tsc\src\app\service\data.service.spec.js
C:\Users\Lucas\Source\Repos\May-Tricks-Authentication\Matricks\ClientApp\dist\out-tsc\src\app\service\data.service.spec.js.map
